C51 COMPILER V9.54   MAIN                                                                  10/31/2024 18:24:20 PAGE 1   


C51 COMPILER V9.54, COMPILATION OF MODULE MAIN
OBJECT MODULE PLACED IN .\Objects\main.obj
COMPILER INVOKED BY: D:\Keil5 C51\C51\BIN\C51.EXE main.c OPTIMIZE(8,SPEED) BROWSE DEBUG OBJECTEXTEND PRINT(.\Listings\ma
                    -in.lst) OBJECT(.\Objects\main.obj)

line level    source

   1          #include <REGX52.H>
   2          #include <INTRINS.H>
   3          
   4          sbit K1 = P3^1;//????
   5          sbit K2 = P3^0;//??????
   6          sbit K3 = P3^2;//???????
   7          sbit K4 = P3^3;//???????
   8          sbit pulse = P2^0;//???????(PUL)
   9          sbit direction = P2^2;//??????(DIR)
  10                  
  11          void Delay1ms(unsigned int xms);
  12          void Delay500us();
  13          
  14          void main()
  15          {
  16   1          int h = 0;
  17   1      
  18   1          while(1)
  19   1              {
  20   2              if(K1 == 0)
  21   2                      {
  22   3                              Delay1ms(20);
  23   3                  while(K1 == 0);
  24   3                  Delay1ms(20);//??
  25   3      
  26   3                  direction = ~direction;//??????     
  27   3                      }
  28   2      
  29   2              if(K2 == 0)
  30   2                      {
  31   3                              Delay1ms(20);
  32   3                  while(K2 == 0);
  33   3                  Delay1ms(20);//??
  34   3      
  35   3                              for(h = 0; h < 100; h++) //for??100?,??100???
  36   3                              {
  37   4                                      pulse = 0;
  38   4                                      Delay500us();
  39   4                                      pulse = 1;
  40   4                                      Delay500us();
  41   4                              }
  42   3              }
  43   2      
  44   2              if(K3 == 0)
  45   2                      {
  46   3                              Delay1ms(20);
  47   3                  while(K3 == 0);
  48   3                  Delay1ms(20);//??
  49   3      
  50   3                              for(h = 0; h < 500; h++) //for??500?,??500???
  51   3                              {
  52   4                                      pulse = 0;
  53   4                                      Delay500us();
  54   4                                      pulse = 1;
C51 COMPILER V9.54   MAIN                                                                  10/31/2024 18:24:20 PAGE 2   

  55   4                                      Delay500us();
  56   4                              }
  57   3              }
  58   2      
  59   2              if(K4 == 0)
  60   2                      {
  61   3                              Delay1ms(20);
  62   3                  while(K4 == 0);
  63   3                  Delay1ms(20);//??
  64   3      
  65   3                              for(h = 0; h < 3000; h++) //for??3000?,??3000???
  66   3                              {
  67   4                                      pulse = 0;
  68   4                                      Delay500us();
  69   4                                      pulse = 1;
  70   4                                      Delay500us();
  71   4                              }
  72   3              }
  73   2          }
  74   1      }
  75          
  76          void Delay1ms(unsigned int xms)         //@12.000MHz
  77          {
  78   1              unsigned char i, j;
  79   1      
  80   1          while(xms)
  81   1          {
  82   2              i = 2;
  83   2              j = 239;
  84   2              do
  85   2              {
  86   3                  while (--j);
  87   3              } while (--i);   
  88   2              xms--;
  89   2          }
  90   1      }
  91          
  92          void Delay500us()               //@12.000MHz
  93          {
  94   1              unsigned char i;
  95   1      
  96   1              _nop_();
  97   1              i = 247;
  98   1              while (--i);
  99   1      }


MODULE INFORMATION:   STATIC OVERLAYABLE
   CODE SIZE        =    194    ----
   CONSTANT SIZE    =   ----    ----
   XDATA SIZE       =   ----    ----
   PDATA SIZE       =   ----    ----
   DATA SIZE        =   ----       2
   IDATA SIZE       =   ----    ----
   BIT SIZE         =   ----    ----
END OF MODULE INFORMATION.


C51 COMPILATION COMPLETE.  0 WARNING(S),  0 ERROR(S)
