C51 COMPILER V9.54   MAIN                                                                  10/31/2024 19:50:35 PAGE 1   


C51 COMPILER V9.54, COMPILATION OF MODULE MAIN
OBJECT MODULE PLACED IN .\Objects\main.obj
COMPILER INVOKED BY: D:\Keil5 C51\C51\BIN\C51.EXE main.c OPTIMIZE(8,SPEED) BROWSE DEBUG OBJECTEXTEND PRINT(.\Listings\ma
                    -in.lst) OBJECT(.\Objects\main.obj)

line level    source

   1          #include <REGX52.H>
   2          #include <Delay.h>
   3          
   4          void main()
   5          {
   6   1          int h = 0;
   7   1      
   8   1          while(1)
   9   1              {
  10   2              if(K1 == 0)
  11   2                      {
  12   3                              Delay1ms(20);
  13   3                  while(K1 == 0);
  14   3                  Delay1ms(20);//消震
  15   3      
  16   3                  direction = ~direction;//引脚状态取反 
  17   3                      }
  18   2      
  19   2              if(K2 == 0)
  20   2                      {
  21   3                              Delay1ms(20);
  22   3                  while(K2 == 0);
  23   3                  Delay1ms(20);//消震
  24   3      
  25   3                              for(h = 0; h < 100; h++) //for循环100次，发送100个脉冲
  26   3                              {
  27   4                                      pulse = 0;
  28   4                                      Delay500us();
  29   4                                      pulse = 1;
  30   4                                      Delay500us();
  31   4                              }
  32   3              }
  33   2      
  34   2              if(K3 == 0)
  35   2                      {
  36   3                              Delay1ms(20);
  37   3                  while(K3 == 0);
  38   3                  Delay1ms(20);//消震
  39   3      
  40   3                              for(h = 0; h < 500; h++) //for循环500次，发送500个脉冲
  41   3                              {
  42   4                                      pulse = 0;
  43   4                                      Delay500us();
  44   4                                      pulse = 1;
  45   4                                      Delay500us();
  46   4                              }
  47   3              }
  48   2      
  49   2              if(K4 == 0)
  50   2                      {
  51   3                              Delay1ms(20);
  52   3                  while(K4 == 0);
  53   3                  Delay1ms(20);//消震
  54   3      
C51 COMPILER V9.54   MAIN                                                                  10/31/2024 19:50:35 PAGE 2   

  55   3                              for(h = 0; h < 3000; h++) //for循环3000次，发送3000个脉冲
  56   3                              {
  57   4                                      pulse = 0;
  58   4                                      Delay500us();
  59   4                                      pulse = 1;
  60   4                                      Delay500us();
  61   4                              }
  62   3              }
  63   2          }
  64   1      }


MODULE INFORMATION:   STATIC OVERLAYABLE
   CODE SIZE        =    199    ----
   CONSTANT SIZE    =   ----    ----
   XDATA SIZE       =   ----    ----
   PDATA SIZE       =   ----    ----
   DATA SIZE        =   ----       2
   IDATA SIZE       =   ----    ----
   BIT SIZE         =   ----    ----
END OF MODULE INFORMATION.


C51 COMPILATION COMPLETE.  0 WARNING(S),  0 ERROR(S)
